<?xml version="1.0" encoding="UTF-8"?>

<!DOCTYPE suite SYSTEM "http://testng.org/testng-1.0.dtd">

<suite name="Group tests" configfailurepolicy="continue">
    <test name="Windows tests">
        <groups>
            <run>
                <include name="windows.*"/>
            </run>
        </groups>
        <classes>
            <class name="WindowsTests"/>
        </classes>
    </test>

    <test name="Windows regression tests">
        <groups>
            <run>
                <include name="windows.regression"/>
            </run>
        </groups>
        <classes>
            <class name="WindowsTests"/>
        </classes>
    </test>

    <test name="Linux tests">
        <groups>
            <run>
                <include name="linux.*"/>
            </run>
        </groups>
        <classes>
            <class name="LinuxTests"/>
        </classes>
    </test>

</suite>